{
  "stats": {
    "suites": 1,
    "tests": 1,
    "passes": 1,
    "pending": 0,
    "failures": 0,
    "start": "2022-04-12T10:56:15.171Z",
    "end": "2022-04-12T10:56:49.097Z",
    "duration": 33926,
    "testsRegistered": 1,
    "passPercent": 100,
    "pendingPercent": 0,
    "other": 0,
    "hasOther": false,
    "skipped": 0,
    "hasSkipped": false
  },
  "results": [
    {
      "uuid": "f4e91518-4473-44eb-a1a1-fba3df73fee8",
      "title": "",
      "fullFile": "cypress/integration/quete_2_test3.spec.js",
      "file": "cypress/integration/quete_2_test3.spec.js",
      "beforeHooks": [],
      "afterHooks": [],
      "tests": [],
      "suites": [
        {
          "uuid": "a49a62f0-da41-44e2-b7cd-5e1af751849e",
          "title": "Quete2-connection",
          "fullFile": "",
          "file": "",
          "beforeHooks": [],
          "afterHooks": [],
          "tests": [
            {
              "title": "Passant",
              "fullTitle": "Quete2-connection Passant",
              "timedOut": null,
              "duration": 28434,
              "state": "passed",
              "speed": "slow",
              "pass": true,
              "fail": false,
              "pending": false,
              "context": null,
              "code": "cy.visit('https://preprod.backmarket.fr/register');\ncy.get('#signin-email').click({\n  force: true\n}).type('nicolasgenot@gmail.com');\ncy.get('#signin-password').click({\n  force: true\n}).type('Ffbf4kLVuGLYK54');\ncy.contains('Welcome Back').click({\n  force: true\n});",
              "err": {},
              "uuid": "f4040e93-7b13-40e8-be4e-1a3460e1b402",
              "parentUUID": "a49a62f0-da41-44e2-b7cd-5e1af751849e",
              "isHook": false,
              "skipped": false
            }
          ],
          "suites": [],
          "passes": [
            "f4040e93-7b13-40e8-be4e-1a3460e1b402"
          ],
          "failures": [],
          "pending": [],
          "skipped": [],
          "duration": 28434,
          "root": false,
          "rootEmpty": false,
          "_timeout": 2000
        }
      ],
      "passes": [],
      "failures": [],
      "pending": [],
      "skipped": [],
      "duration": 0,
      "root": true,
      "rootEmpty": true,
      "_timeout": 2000
    }
  ],
  "meta": {
    "mocha": {
      "version": "7.0.1"
    },
    "mochawesome": {
      "options": {
        "quiet": false,
        "reportFilename": "mochawesome",
        "saveHtml": true,
        "saveJson": true,
        "consoleReporter": "spec",
        "useInlineDiffs": false,
        "code": true
      },
      "version": "7.1.3"
    },
    "marge": {
      "options": {
        "reportDir": "cypress/results",
        "overwrite": false,
        "html": true,
        "json": true
      },
      "version": "6.2.0"
    }
  }
}