{
  "stats": {
    "suites": 1,
    "tests": 1,
    "passes": 1,
    "pending": 0,
    "failures": 0,
    "start": "2022-04-12T10:53:04.366Z",
    "end": "2022-04-12T10:53:51.066Z",
    "duration": 46700,
    "testsRegistered": 1,
    "passPercent": 100,
    "pendingPercent": 0,
    "other": 0,
    "hasOther": false,
    "skipped": 0,
    "hasSkipped": false
  },
  "results": [
    {
      "uuid": "e87d9917-3cd8-4dd2-830b-0dbcb09d152c",
      "title": "",
      "fullFile": "cypress/integration/quete_2_test1.spec.js",
      "file": "cypress/integration/quete_2_test1.spec.js",
      "beforeHooks": [],
      "afterHooks": [],
      "tests": [],
      "suites": [
        {
          "uuid": "f0cc82d0-5935-4377-bc77-6cfa0ea15bd5",
          "title": "Quete2-inscription",
          "fullFile": "",
          "file": "",
          "beforeHooks": [],
          "afterHooks": [],
          "tests": [
            {
              "title": "Inscription-passant",
              "fullTitle": "Quete2-inscription Inscription-passant",
              "timedOut": null,
              "duration": 36166,
              "state": "passed",
              "speed": "slow",
              "pass": true,
              "fail": false,
              "pending": false,
              "context": null,
              "code": "cy.visit('https://preprod.backmarket.fr/register');\ncy.get('#firstName').click({\n  force: true\n}).type('Nicolas');\ncy.get('#lastName').click({\n  force: true\n}).type('GENOT');\ncy.get('#signup-email').click({\n  force: true\n}).type('nicolasgenot@gmail.com');\ncy.get('#signup-password').click({\n  force: true\n}).type('Ffbf4kLVuGLYK54');\ncy.contains('Enchantés').click({\n  force: true\n});",
              "err": {},
              "uuid": "9e426491-bd0f-427b-a03d-81c50a704233",
              "parentUUID": "f0cc82d0-5935-4377-bc77-6cfa0ea15bd5",
              "isHook": false,
              "skipped": false
            }
          ],
          "suites": [],
          "passes": [
            "9e426491-bd0f-427b-a03d-81c50a704233"
          ],
          "failures": [],
          "pending": [],
          "skipped": [],
          "duration": 36166,
          "root": false,
          "rootEmpty": false,
          "_timeout": 2000
        }
      ],
      "passes": [],
      "failures": [],
      "pending": [],
      "skipped": [],
      "duration": 0,
      "root": true,
      "rootEmpty": true,
      "_timeout": 2000
    }
  ],
  "meta": {
    "mocha": {
      "version": "7.0.1"
    },
    "mochawesome": {
      "options": {
        "quiet": false,
        "reportFilename": "mochawesome",
        "saveHtml": true,
        "saveJson": true,
        "consoleReporter": "spec",
        "useInlineDiffs": false,
        "code": true
      },
      "version": "7.1.3"
    },
    "marge": {
      "options": {
        "reportDir": "cypress/results",
        "overwrite": false,
        "html": true,
        "json": true
      },
      "version": "6.2.0"
    }
  }
}