{
  "stats": {
    "suites": 1,
    "tests": 1,
    "passes": 0,
    "pending": 0,
    "failures": 1,
    "start": "2022-04-12T10:57:38.136Z",
    "end": "2022-04-12T10:58:11.261Z",
    "duration": 33125,
    "testsRegistered": 1,
    "passPercent": 0,
    "pendingPercent": 0,
    "other": 0,
    "hasOther": false,
    "skipped": 0,
    "hasSkipped": false
  },
  "results": [
    {
      "uuid": "7a8b9544-0e55-4b97-bbf7-403a6949b306",
      "title": "",
      "fullFile": "cypress/integration/quete_2_test4.spec.js",
      "file": "cypress/integration/quete_2_test4.spec.js",
      "beforeHooks": [],
      "afterHooks": [],
      "tests": [],
      "suites": [
        {
          "uuid": "4a4bad60-0eb6-4f9e-b6e7-b9fb0a26471a",
          "title": "Quete2-connection",
          "fullFile": "",
          "file": "",
          "beforeHooks": [],
          "afterHooks": [],
          "tests": [
            {
              "title": "Non passsant",
              "fullTitle": "Quete2-connection Non passsant",
              "timedOut": null,
              "duration": 26710,
              "state": "failed",
              "speed": null,
              "pass": false,
              "fail": true,
              "pending": false,
              "context": null,
              "code": "cy.visit('https://preprod.backmarket.fr/register');\ncy.get('#signin-email').click({\n  force: true\n}).type('nicolasgenot@gmail.com');\ncy.get('#signin-password').click({\n  force: true\n}).type('');\ncy.contains('Welcome Back').click({\n  force: true\n});",
              "err": {
                "message": "CypressError: `cy.type()` cannot accept an empty string. You need to actually type something.\n\nhttps://on.cypress.io/type",
                "estack": "CypressError: `cy.type()` cannot accept an empty string. You need to actually type something.\n\nhttps://on.cypress.io/type\n    at Context.type (https://preprod.backmarket.fr/__cypress/runner/cypress_runner.js:154724:76)\n    at Context.<anonymous> (https://preprod.backmarket.fr/__cypress/runner/cypress_runner.js:173242:19)\nFrom Your Spec Code:\n    at Context.eval (https://preprod.backmarket.fr/__cypress/tests?p=cypress\\integration\\quete_2_test4.spec.js:107:8)",
                "diff": null
              },
              "uuid": "0e3c640d-7fc0-4885-899f-cb5fc04cee3b",
              "parentUUID": "4a4bad60-0eb6-4f9e-b6e7-b9fb0a26471a",
              "isHook": false,
              "skipped": false
            }
          ],
          "suites": [],
          "passes": [],
          "failures": [
            "0e3c640d-7fc0-4885-899f-cb5fc04cee3b"
          ],
          "pending": [],
          "skipped": [],
          "duration": 26710,
          "root": false,
          "rootEmpty": false,
          "_timeout": 2000
        }
      ],
      "passes": [],
      "failures": [],
      "pending": [],
      "skipped": [],
      "duration": 0,
      "root": true,
      "rootEmpty": true,
      "_timeout": 2000
    }
  ],
  "meta": {
    "mocha": {
      "version": "7.0.1"
    },
    "mochawesome": {
      "options": {
        "quiet": false,
        "reportFilename": "mochawesome",
        "saveHtml": true,
        "saveJson": true,
        "consoleReporter": "spec",
        "useInlineDiffs": false,
        "code": true
      },
      "version": "7.1.3"
    },
    "marge": {
      "options": {
        "reportDir": "cypress/results",
        "overwrite": false,
        "html": true,
        "json": true
      },
      "version": "6.2.0"
    }
  }
}